<?xml version="1.0" encoding="UTF-8"?>
<!-- Generated by org.testng.reporters.JUnitReportReporter -->
<testsuite hostname="HASH-CODE" failures="0" tests="1" name="com.CM.testcase.Base_Class" time="16.402" errors="0" timestamp="2020-05-19T18:24:05 IST" skipped="0">
  <testcase classname="com.CM.testcase.Base_Class" name="setup" time="16.402"/>
</testsuite> <!-- com.CM.testcase.Base_Class -->
